mode: set
github.com/didichuxing/gatekeeper/service/gateway_service.go:40.82,45.2 1 1
github.com/didichuxing/gatekeeper/service/gateway_service.go:47.61,49.2 1 1
github.com/didichuxing/gatekeeper/service/gateway_service.go:51.77,53.2 1 1
github.com/didichuxing/gatekeeper/service/gateway_service.go:57.48,58.42 1 1
github.com/didichuxing/gatekeeper/service/gateway_service.go:61.2,63.9 3 1
github.com/didichuxing/gatekeeper/service/gateway_service.go:90.2,90.15 1 1
github.com/didichuxing/gatekeeper/service/gateway_service.go:93.2,96.27 2 1
github.com/didichuxing/gatekeeper/service/gateway_service.go:58.42,60.3 1 0
github.com/didichuxing/gatekeeper/service/gateway_service.go:64.33,68.13 2 1
github.com/didichuxing/gatekeeper/service/gateway_service.go:69.33,73.45 2 1
github.com/didichuxing/gatekeeper/service/gateway_service.go:74.33,78.13 2 1
github.com/didichuxing/gatekeeper/service/gateway_service.go:79.35,83.13 2 0
github.com/didichuxing/gatekeeper/service/gateway_service.go:84.41,88.13 2 1
github.com/didichuxing/gatekeeper/service/gateway_service.go:90.15,92.3 1 0
github.com/didichuxing/gatekeeper/service/gateway_service.go:100.68,101.45 1 1
github.com/didichuxing/gatekeeper/service/gateway_service.go:104.2,104.14 1 1
github.com/didichuxing/gatekeeper/service/gateway_service.go:101.45,103.3 1 1
github.com/didichuxing/gatekeeper/service/gateway_service.go:108.72,109.36 1 1
github.com/didichuxing/gatekeeper/service/gateway_service.go:112.2,112.44 1 1
github.com/didichuxing/gatekeeper/service/gateway_service.go:115.2,115.17 1 1
github.com/didichuxing/gatekeeper/service/gateway_service.go:109.36,111.3 1 1
github.com/didichuxing/gatekeeper/service/gateway_service.go:112.44,114.3 1 1
github.com/didichuxing/gatekeeper/service/gateway_service.go:118.69,121.44 3 1
github.com/didichuxing/gatekeeper/service/gateway_service.go:129.2,129.14 1 1
github.com/didichuxing/gatekeeper/service/gateway_service.go:121.44,128.3 2 1
github.com/didichuxing/gatekeeper/service/gateway_service.go:132.69,135.44 3 1
github.com/didichuxing/gatekeeper/service/gateway_service.go:138.2,138.14 1 1
github.com/didichuxing/gatekeeper/service/gateway_service.go:135.44,137.3 1 1
github.com/didichuxing/gatekeeper/service/gateway_service.go:141.71,143.16 2 1
github.com/didichuxing/gatekeeper/service/gateway_service.go:146.2,147.48 2 1
github.com/didichuxing/gatekeeper/service/gateway_service.go:150.2,150.14 1 1
github.com/didichuxing/gatekeeper/service/gateway_service.go:143.16,145.3 1 0
github.com/didichuxing/gatekeeper/service/gateway_service.go:147.48,149.3 1 0
github.com/didichuxing/gatekeeper/service/gateway_service.go:153.84,154.39 1 1
github.com/didichuxing/gatekeeper/service/gateway_service.go:161.2,161.14 1 1
github.com/didichuxing/gatekeeper/service/gateway_service.go:154.39,155.32 1 1
github.com/didichuxing/gatekeeper/service/gateway_service.go:155.32,157.4 1 1
github.com/didichuxing/gatekeeper/service/gateway_service.go:157.8,159.4 1 1
github.com/didichuxing/gatekeeper/service/gateway_service.go:164.52,167.2 2 1
github.com/didichuxing/gatekeeper/service/gateway_service.go:169.59,171.16 2 1
github.com/didichuxing/gatekeeper/service/gateway_service.go:174.2,176.8 3 1
github.com/didichuxing/gatekeeper/service/gateway_service.go:179.2,179.82 1 1
github.com/didichuxing/gatekeeper/service/gateway_service.go:185.2,186.51 2 1
github.com/didichuxing/gatekeeper/service/gateway_service.go:191.2,191.27 1 1
github.com/didichuxing/gatekeeper/service/gateway_service.go:196.2,197.85 2 1
github.com/didichuxing/gatekeeper/service/gateway_service.go:201.2,202.12 2 1
github.com/didichuxing/gatekeeper/service/gateway_service.go:171.16,173.3 1 0
github.com/didichuxing/gatekeeper/service/gateway_service.go:176.8,178.3 1 0
github.com/didichuxing/gatekeeper/service/gateway_service.go:179.82,182.3 2 0
github.com/didichuxing/gatekeeper/service/gateway_service.go:186.51,189.3 2 1
github.com/didichuxing/gatekeeper/service/gateway_service.go:191.27,194.3 2 0
github.com/didichuxing/gatekeeper/service/gateway_service.go:197.85,200.3 2 0
github.com/didichuxing/gatekeeper/service/gateway_service.go:205.43,208.17 3 1
github.com/didichuxing/gatekeeper/service/gateway_service.go:212.2,213.16 2 1
github.com/didichuxing/gatekeeper/service/gateway_service.go:218.2,218.28 1 1
github.com/didichuxing/gatekeeper/service/gateway_service.go:224.2,225.85 1 1
github.com/didichuxing/gatekeeper/service/gateway_service.go:230.2,231.27 2 1
github.com/didichuxing/gatekeeper/service/gateway_service.go:236.2,236.12 1 1
github.com/didichuxing/gatekeeper/service/gateway_service.go:208.17,211.3 1 1
github.com/didichuxing/gatekeeper/service/gateway_service.go:213.16,217.3 1 0
github.com/didichuxing/gatekeeper/service/gateway_service.go:218.28,222.3 1 0
github.com/didichuxing/gatekeeper/service/gateway_service.go:225.85,227.3 1 1
github.com/didichuxing/gatekeeper/service/gateway_service.go:231.27,235.3 1 0
github.com/didichuxing/gatekeeper/service/gateway_service.go:239.72,241.16 2 1
github.com/didichuxing/gatekeeper/service/gateway_service.go:249.2,249.22 1 1
github.com/didichuxing/gatekeeper/service/gateway_service.go:257.2,258.16 2 1
github.com/didichuxing/gatekeeper/service/gateway_service.go:265.2,265.19 1 1
github.com/didichuxing/gatekeeper/service/gateway_service.go:241.16,248.3 2 0
github.com/didichuxing/gatekeeper/service/gateway_service.go:249.22,256.3 2 0
github.com/didichuxing/gatekeeper/service/gateway_service.go:258.16,264.3 2 0
github.com/didichuxing/gatekeeper/service/gateway_service.go:268.79,270.16 2 1
github.com/didichuxing/gatekeeper/service/gateway_service.go:277.2,277.18 1 1
github.com/didichuxing/gatekeeper/service/gateway_service.go:270.16,276.3 2 0
github.com/didichuxing/gatekeeper/service/gateway_service.go:281.44,285.40 3 1
github.com/didichuxing/gatekeeper/service/gateway_service.go:317.2,317.26 1 1
github.com/didichuxing/gatekeeper/service/gateway_service.go:324.2,328.12 3 1
github.com/didichuxing/gatekeeper/service/gateway_service.go:285.40,286.37 1 1
github.com/didichuxing/gatekeeper/service/gateway_service.go:289.3,289.46 1 1
github.com/didichuxing/gatekeeper/service/gateway_service.go:286.37,287.12 1 1
github.com/didichuxing/gatekeeper/service/gateway_service.go:289.46,291.87 2 1
github.com/didichuxing/gatekeeper/service/gateway_service.go:291.87,294.32 2 1
github.com/didichuxing/gatekeeper/service/gateway_service.go:297.5,297.65 1 1
github.com/didichuxing/gatekeeper/service/gateway_service.go:313.5,313.15 1 1
github.com/didichuxing/gatekeeper/service/gateway_service.go:294.32,295.16 1 1
github.com/didichuxing/gatekeeper/service/gateway_service.go:297.65,299.23 2 1
github.com/didichuxing/gatekeeper/service/gateway_service.go:299.23,301.21 2 1
github.com/didichuxing/gatekeeper/service/gateway_service.go:304.7,310.12 4 1
github.com/didichuxing/gatekeeper/service/gateway_service.go:301.21,303.8 1 0
github.com/didichuxing/gatekeeper/service/gateway_service.go:317.26,323.3 2 0
github.com/didichuxing/gatekeeper/service/module_config.go:54.44,62.2 1 1
github.com/didichuxing/gatekeeper/service/module_config.go:65.40,67.45 2 1
github.com/didichuxing/gatekeeper/service/module_config.go:70.2,70.48 1 1
github.com/didichuxing/gatekeeper/service/module_config.go:73.2,75.26 3 1
github.com/didichuxing/gatekeeper/service/module_config.go:67.45,68.13 1 0
github.com/didichuxing/gatekeeper/service/module_config.go:70.48,71.13 1 0
github.com/didichuxing/gatekeeper/service/module_config.go:79.42,85.31 3 0
github.com/didichuxing/gatekeeper/service/module_config.go:88.2,93.26 4 0
github.com/didichuxing/gatekeeper/service/module_config.go:85.31,87.3 1 0
github.com/didichuxing/gatekeeper/service/module_config.go:97.43,100.12 2 1
github.com/didichuxing/gatekeeper/service/module_config.go:100.12,101.16 1 1
github.com/didichuxing/gatekeeper/service/module_config.go:106.3,106.7 1 1
github.com/didichuxing/gatekeeper/service/module_config.go:101.16,102.36 1 0
github.com/didichuxing/gatekeeper/service/module_config.go:102.36,104.5 1 0
github.com/didichuxing/gatekeeper/service/module_config.go:106.7,109.4 2 1
github.com/didichuxing/gatekeeper/service/module_config.go:114.66,116.2 1 1
github.com/didichuxing/gatekeeper/service/module_config.go:118.65,122.2 3 1
github.com/didichuxing/gatekeeper/service/module_config.go:125.81,126.50 1 1
github.com/didichuxing/gatekeeper/service/module_config.go:131.2,131.12 1 0
github.com/didichuxing/gatekeeper/service/module_config.go:126.50,127.29 1 1
github.com/didichuxing/gatekeeper/service/module_config.go:127.29,129.4 1 1
github.com/didichuxing/gatekeeper/service/module_config.go:135.71,140.2 4 0
github.com/didichuxing/gatekeeper/service/module_config.go:143.71,148.2 4 0
github.com/didichuxing/gatekeeper/service/module_config.go:151.74,156.2 4 1
github.com/didichuxing/gatekeeper/service/module_config.go:159.80,161.22 2 1
github.com/didichuxing/gatekeeper/service/module_config.go:164.2,164.50 1 0
github.com/didichuxing/gatekeeper/service/module_config.go:161.22,163.3 1 1
github.com/didichuxing/gatekeeper/service/module_config.go:168.84,169.74 1 1
github.com/didichuxing/gatekeeper/service/module_config.go:173.2,173.50 1 0
github.com/didichuxing/gatekeeper/service/module_config.go:169.74,172.3 2 1
github.com/didichuxing/gatekeeper/service/module_config.go:177.77,181.8 4 1
github.com/didichuxing/gatekeeper/service/module_config.go:184.2,184.43 1 0
github.com/didichuxing/gatekeeper/service/module_config.go:181.8,183.3 1 1
github.com/didichuxing/gatekeeper/service/module_config.go:188.111,192.40 4 1
github.com/didichuxing/gatekeeper/service/module_config.go:203.2,203.24 1 1
github.com/didichuxing/gatekeeper/service/module_config.go:192.40,193.37 1 1
github.com/didichuxing/gatekeeper/service/module_config.go:193.37,195.18 2 1
github.com/didichuxing/gatekeeper/service/module_config.go:198.4,198.36 1 1
github.com/didichuxing/gatekeeper/service/module_config.go:195.18,197.5 1 0
github.com/didichuxing/gatekeeper/service/module_config.go:199.9,201.4 1 0
github.com/didichuxing/gatekeeper/service/module_config.go:207.86,208.52 1 1
github.com/didichuxing/gatekeeper/service/module_config.go:213.2,213.43 1 0
github.com/didichuxing/gatekeeper/service/module_config.go:208.52,209.28 1 1
github.com/didichuxing/gatekeeper/service/module_config.go:209.28,211.4 1 1
github.com/didichuxing/gatekeeper/service/module_config.go:217.97,219.16 2 1
github.com/didichuxing/gatekeeper/service/module_config.go:222.2,225.8 4 1
github.com/didichuxing/gatekeeper/service/module_config.go:228.2,228.46 1 0
github.com/didichuxing/gatekeeper/service/module_config.go:219.16,221.3 1 0
github.com/didichuxing/gatekeeper/service/module_config.go:225.8,227.3 1 1
github.com/didichuxing/gatekeeper/service/module_config.go:232.55,233.15 1 1
github.com/didichuxing/gatekeeper/service/module_config.go:238.2,241.16 4 1
github.com/didichuxing/gatekeeper/service/module_config.go:246.2,247.16 2 1
github.com/didichuxing/gatekeeper/service/module_config.go:250.2,253.19 2 1
github.com/didichuxing/gatekeeper/service/module_config.go:273.2,274.12 2 1
github.com/didichuxing/gatekeeper/service/module_config.go:233.15,234.35 1 1
github.com/didichuxing/gatekeeper/service/module_config.go:234.35,236.4 1 0
github.com/didichuxing/gatekeeper/service/module_config.go:241.16,244.3 2 0
github.com/didichuxing/gatekeeper/service/module_config.go:247.16,249.3 1 0
github.com/didichuxing/gatekeeper/service/module_config.go:253.19,259.17 6 0
github.com/didichuxing/gatekeeper/service/module_config.go:259.17,261.4 1 0
github.com/didichuxing/gatekeeper/service/module_config.go:261.9,263.4 1 0
github.com/didichuxing/gatekeeper/service/module_config.go:264.8,264.28 1 1
github.com/didichuxing/gatekeeper/service/module_config.go:264.28,269.3 4 1
github.com/didichuxing/gatekeeper/service/module_config.go:269.8,272.3 2 0
github.com/didichuxing/gatekeeper/service/module_config.go:277.87,280.28 3 1
github.com/didichuxing/gatekeeper/service/module_config.go:301.2,301.18 1 1
github.com/didichuxing/gatekeeper/service/module_config.go:280.28,282.39 2 1
github.com/didichuxing/gatekeeper/service/module_config.go:290.3,290.38 1 1
github.com/didichuxing/gatekeeper/service/module_config.go:282.39,284.48 2 1
github.com/didichuxing/gatekeeper/service/module_config.go:284.48,286.5 1 1
github.com/didichuxing/gatekeeper/service/module_config.go:286.10,288.5 1 1
github.com/didichuxing/gatekeeper/service/module_config.go:290.38,292.18 2 1
github.com/didichuxing/gatekeeper/service/module_config.go:292.18,294.5 1 1
github.com/didichuxing/gatekeeper/service/module_config.go:294.10,298.5 3 1
github.com/didichuxing/gatekeeper/service/module_config.go:306.41,310.47 4 1
github.com/didichuxing/gatekeeper/service/module_config.go:314.2,316.49 3 1
github.com/didichuxing/gatekeeper/service/module_config.go:310.47,313.3 2 1
github.com/didichuxing/gatekeeper/service/module_config.go:316.49,318.13 2 1
github.com/didichuxing/gatekeeper/service/module_config.go:318.13,319.17 1 1
github.com/didichuxing/gatekeeper/service/module_config.go:324.4,326.8 2 1
github.com/didichuxing/gatekeeper/service/module_config.go:319.17,320.37 1 0
github.com/didichuxing/gatekeeper/service/module_config.go:320.37,322.6 1 0
github.com/didichuxing/gatekeeper/service/module_config.go:326.8,327.12 1 1
github.com/didichuxing/gatekeeper/service/module_config.go:328.17,337.13 8 1
github.com/didichuxing/gatekeeper/service/module_config.go:342.6,343.41 2 1
github.com/didichuxing/gatekeeper/service/module_config.go:350.6,355.82 6 1
github.com/didichuxing/gatekeeper/service/module_config.go:357.35,359.16 2 0
github.com/didichuxing/gatekeeper/service/module_config.go:337.13,339.7 1 0
github.com/didichuxing/gatekeeper/service/module_config.go:343.41,345.52 1 1
github.com/didichuxing/gatekeeper/service/module_config.go:345.52,347.8 1 1
github.com/didichuxing/gatekeeper/service/module_config.go:366.75,367.42 1 1
github.com/didichuxing/gatekeeper/service/module_config.go:370.2,370.39 1 1
github.com/didichuxing/gatekeeper/service/module_config.go:384.2,384.12 1 1
github.com/didichuxing/gatekeeper/service/module_config.go:367.42,369.3 1 0
github.com/didichuxing/gatekeeper/service/module_config.go:370.39,371.27 1 1
github.com/didichuxing/gatekeeper/service/module_config.go:374.3,374.34 1 1
github.com/didichuxing/gatekeeper/service/module_config.go:379.3,380.18 2 1
github.com/didichuxing/gatekeeper/service/module_config.go:371.27,373.4 1 0
github.com/didichuxing/gatekeeper/service/module_config.go:374.34,376.4 1 0
github.com/didichuxing/gatekeeper/service/module_config.go:380.18,382.4 1 0
github.com/didichuxing/gatekeeper/service/module_config.go:387.91,390.16 3 1
github.com/didichuxing/gatekeeper/service/module_config.go:393.2,395.16 3 1
github.com/didichuxing/gatekeeper/service/module_config.go:398.2,398.64 1 1
github.com/didichuxing/gatekeeper/service/module_config.go:401.2,401.54 1 1
github.com/didichuxing/gatekeeper/service/module_config.go:404.2,404.24 1 1
github.com/didichuxing/gatekeeper/service/module_config.go:390.16,392.3 1 0
github.com/didichuxing/gatekeeper/service/module_config.go:395.16,397.3 1 0
github.com/didichuxing/gatekeeper/service/module_config.go:398.64,400.3 1 0
github.com/didichuxing/gatekeeper/service/module_config.go:401.54,403.3 1 0
github.com/didichuxing/gatekeeper/service/module_config.go:407.102,410.45 3 0
github.com/didichuxing/gatekeeper/service/module_config.go:413.2,415.53 3 0
github.com/didichuxing/gatekeeper/service/module_config.go:418.2,418.73 1 0
github.com/didichuxing/gatekeeper/service/module_config.go:421.2,421.12 1 0
github.com/didichuxing/gatekeeper/service/module_config.go:410.45,412.3 1 0
github.com/didichuxing/gatekeeper/service/module_config.go:415.53,417.3 1 0
github.com/didichuxing/gatekeeper/service/module_config.go:418.73,420.3 1 0
github.com/didichuxing/gatekeeper/service/module_config.go:424.86,425.15 1 1
github.com/didichuxing/gatekeeper/service/module_config.go:431.2,433.16 3 1
github.com/didichuxing/gatekeeper/service/module_config.go:436.2,437.16 2 0
github.com/didichuxing/gatekeeper/service/module_config.go:440.2,441.16 2 0
github.com/didichuxing/gatekeeper/service/module_config.go:444.2,445.16 2 0
github.com/didichuxing/gatekeeper/service/module_config.go:448.2,448.29 1 0
github.com/didichuxing/gatekeeper/service/module_config.go:478.2,478.13 1 0
github.com/didichuxing/gatekeeper/service/module_config.go:483.2,483.24 1 0
github.com/didichuxing/gatekeeper/service/module_config.go:425.15,426.35 1 1
github.com/didichuxing/gatekeeper/service/module_config.go:426.35,428.4 1 1
github.com/didichuxing/gatekeeper/service/module_config.go:433.16,435.3 1 0
github.com/didichuxing/gatekeeper/service/module_config.go:437.16,439.3 1 0
github.com/didichuxing/gatekeeper/service/module_config.go:441.16,443.3 1 0
github.com/didichuxing/gatekeeper/service/module_config.go:445.16,447.3 1 0
github.com/didichuxing/gatekeeper/service/module_config.go:448.29,450.34 2 0
github.com/didichuxing/gatekeeper/service/module_config.go:455.3,456.38 2 0
github.com/didichuxing/gatekeeper/service/module_config.go:461.3,462.36 2 0
github.com/didichuxing/gatekeeper/service/module_config.go:468.3,468.40 1 0
github.com/didichuxing/gatekeeper/service/module_config.go:450.34,451.29 1 0
github.com/didichuxing/gatekeeper/service/module_config.go:451.29,453.5 1 0
github.com/didichuxing/gatekeeper/service/module_config.go:456.38,457.29 1 0
github.com/didichuxing/gatekeeper/service/module_config.go:457.29,459.5 1 0
github.com/didichuxing/gatekeeper/service/module_config.go:462.36,463.29 1 0
github.com/didichuxing/gatekeeper/service/module_config.go:463.29,465.5 1 0
github.com/didichuxing/gatekeeper/service/module_config.go:468.40,476.4 1 0
github.com/didichuxing/gatekeeper/service/module_config.go:478.13,479.55 1 0
github.com/didichuxing/gatekeeper/service/module_config.go:479.55,481.4 1 0
github.com/didichuxing/gatekeeper/service/module_config.go:487.52,488.15 1 1
github.com/didichuxing/gatekeeper/service/module_config.go:493.2,496.16 4 1
github.com/didichuxing/gatekeeper/service/module_config.go:500.2,502.16 3 1
github.com/didichuxing/gatekeeper/service/module_config.go:505.2,508.19 2 1
github.com/didichuxing/gatekeeper/service/module_config.go:528.2,529.12 2 1
github.com/didichuxing/gatekeeper/service/module_config.go:488.15,489.35 1 1
github.com/didichuxing/gatekeeper/service/module_config.go:489.35,491.4 1 0
github.com/didichuxing/gatekeeper/service/module_config.go:496.16,499.3 2 0
github.com/didichuxing/gatekeeper/service/module_config.go:502.16,504.3 1 0
github.com/didichuxing/gatekeeper/service/module_config.go:508.19,514.17 6 0
github.com/didichuxing/gatekeeper/service/module_config.go:514.17,516.4 1 0
github.com/didichuxing/gatekeeper/service/module_config.go:516.9,518.4 1 0
github.com/didichuxing/gatekeeper/service/module_config.go:519.8,519.28 1 1
github.com/didichuxing/gatekeeper/service/module_config.go:519.28,524.3 4 1
github.com/didichuxing/gatekeeper/service/module_config.go:524.8,527.3 2 0
github.com/didichuxing/gatekeeper/service/module_config.go:532.85,535.16 3 1
github.com/didichuxing/gatekeeper/service/module_config.go:538.2,540.16 3 1
github.com/didichuxing/gatekeeper/service/module_config.go:543.2,543.61 1 1
github.com/didichuxing/gatekeeper/service/module_config.go:546.2,546.48 1 1
github.com/didichuxing/gatekeeper/service/module_config.go:549.2,549.21 1 1
github.com/didichuxing/gatekeeper/service/module_config.go:535.16,537.3 1 0
github.com/didichuxing/gatekeeper/service/module_config.go:540.16,542.3 1 0
github.com/didichuxing/gatekeeper/service/module_config.go:543.61,545.3 1 0
github.com/didichuxing/gatekeeper/service/module_config.go:546.48,548.3 1 0
github.com/didichuxing/gatekeeper/service/module_config.go:552.69,553.17 1 1
github.com/didichuxing/gatekeeper/service/module_config.go:556.2,556.47 1 1
github.com/didichuxing/gatekeeper/service/module_config.go:573.2,573.12 1 1
github.com/didichuxing/gatekeeper/service/module_config.go:553.17,555.3 1 0
github.com/didichuxing/gatekeeper/service/module_config.go:556.47,557.26 1 1
github.com/didichuxing/gatekeeper/service/module_config.go:560.3,560.28 1 1
github.com/didichuxing/gatekeeper/service/module_config.go:563.3,563.27 1 1
github.com/didichuxing/gatekeeper/service/module_config.go:568.3,569.18 2 1
github.com/didichuxing/gatekeeper/service/module_config.go:557.26,559.4 1 0
github.com/didichuxing/gatekeeper/service/module_config.go:560.28,562.4 1 0
github.com/didichuxing/gatekeeper/service/module_config.go:563.27,565.4 1 0
github.com/didichuxing/gatekeeper/service/module_config.go:569.18,571.4 1 0
github.com/didichuxing/gatekeeper/service/module_config.go:576.80,577.15 1 1
github.com/didichuxing/gatekeeper/service/module_config.go:583.2,584.16 2 1
github.com/didichuxing/gatekeeper/service/module_config.go:587.2,588.13 2 0
github.com/didichuxing/gatekeeper/service/module_config.go:593.2,593.21 1 0
github.com/didichuxing/gatekeeper/service/module_config.go:577.15,578.35 1 1
github.com/didichuxing/gatekeeper/service/module_config.go:578.35,580.4 1 1
github.com/didichuxing/gatekeeper/service/module_config.go:584.16,586.3 1 0
github.com/didichuxing/gatekeeper/service/module_config.go:588.13,589.49 1 0
github.com/didichuxing/gatekeeper/service/module_config.go:589.49,591.4 1 0
github.com/didichuxing/gatekeeper/service/module_config.go:596.93,599.42 3 0
github.com/didichuxing/gatekeeper/service/module_config.go:602.2,604.53 3 0
github.com/didichuxing/gatekeeper/service/module_config.go:607.2,607.73 1 0
github.com/didichuxing/gatekeeper/service/module_config.go:610.2,610.12 1 0
github.com/didichuxing/gatekeeper/service/module_config.go:599.42,601.3 1 0
github.com/didichuxing/gatekeeper/service/module_config.go:604.53,606.3 1 0
github.com/didichuxing/gatekeeper/service/module_config.go:607.73,609.3 1 0
github.com/didichuxing/gatekeeper/service/module_config.go:614.50,616.47 2 1
github.com/didichuxing/gatekeeper/service/module_config.go:660.2,660.12 1 1
github.com/didichuxing/gatekeeper/service/module_config.go:616.47,618.45 2 1
github.com/didichuxing/gatekeeper/service/module_config.go:618.45,619.17 1 1
github.com/didichuxing/gatekeeper/service/module_config.go:624.4,624.45 1 1
github.com/didichuxing/gatekeeper/service/module_config.go:627.4,631.8 4 1
github.com/didichuxing/gatekeeper/service/module_config.go:619.17,620.37 1 1
github.com/didichuxing/gatekeeper/service/module_config.go:620.37,622.6 1 0
github.com/didichuxing/gatekeeper/service/module_config.go:624.45,626.5 1 1
github.com/didichuxing/gatekeeper/service/module_config.go:631.8,632.12 1 1
github.com/didichuxing/gatekeeper/service/module_config.go:633.17,636.98 3 1
github.com/didichuxing/gatekeeper/service/module_config.go:650.6,652.89 3 1
github.com/didichuxing/gatekeeper/service/module_config.go:653.35,655.19 2 0
github.com/didichuxing/gatekeeper/service/module_config.go:636.98,638.40 2 1
github.com/didichuxing/gatekeeper/service/module_config.go:646.7,648.35 3 1
github.com/didichuxing/gatekeeper/service/module_config.go:638.40,640.14 2 1
github.com/didichuxing/gatekeeper/service/module_config.go:640.14,642.9 1 1
github.com/didichuxing/gatekeeper/service/module_config.go:642.14,644.9 1 0
github.com/didichuxing/gatekeeper/service/module_config.go:663.56,665.47 2 1
github.com/didichuxing/gatekeeper/service/module_config.go:774.2,774.12 1 1
github.com/didichuxing/gatekeeper/service/module_config.go:665.47,667.58 2 1
github.com/didichuxing/gatekeeper/service/module_config.go:770.3,772.38 3 1
github.com/didichuxing/gatekeeper/service/module_config.go:667.58,669.39 1 1
github.com/didichuxing/gatekeeper/service/module_config.go:768.4,768.16 1 1
github.com/didichuxing/gatekeeper/service/module_config.go:669.39,670.45 1 1
github.com/didichuxing/gatekeeper/service/module_config.go:670.45,672.25 2 1
github.com/didichuxing/gatekeeper/service/module_config.go:675.7,676.57 2 1
github.com/didichuxing/gatekeeper/service/module_config.go:672.25,674.8 1 0
github.com/didichuxing/gatekeeper/service/module_config.go:679.57,682.75 3 1
github.com/didichuxing/gatekeeper/service/module_config.go:695.6,695.24 1 1
github.com/didichuxing/gatekeeper/service/module_config.go:704.6,714.20 4 1
github.com/didichuxing/gatekeeper/service/module_config.go:717.6,729.16 6 1
github.com/didichuxing/gatekeeper/service/module_config.go:682.75,684.21 2 0
github.com/didichuxing/gatekeeper/service/module_config.go:690.7,691.51 2 0
github.com/didichuxing/gatekeeper/service/module_config.go:684.21,689.8 1 0
github.com/didichuxing/gatekeeper/service/module_config.go:692.12,694.7 1 1
github.com/didichuxing/gatekeeper/service/module_config.go:695.24,701.7 2 0
github.com/didichuxing/gatekeeper/service/module_config.go:714.20,716.7 1 0
github.com/didichuxing/gatekeeper/service/module_config.go:750.77,751.43 1 0
github.com/didichuxing/gatekeeper/service/module_config.go:764.6,765.12 2 0
github.com/didichuxing/gatekeeper/service/module_config.go:751.43,757.7 1 0
github.com/didichuxing/gatekeeper/service/module_config.go:757.12,763.7 1 0
github.com/didichuxing/gatekeeper/service/register_func.go:20.91,22.2 1 1
github.com/didichuxing/gatekeeper/service/register_func.go:25.112,27.2 1 1
github.com/didichuxing/gatekeeper/service/register_func.go:34.117,35.86 1 1
github.com/didichuxing/gatekeeper/service/register_func.go:35.86,38.9 3 1
github.com/didichuxing/gatekeeper/service/register_func.go:41.3,41.34 1 1
github.com/didichuxing/gatekeeper/service/register_func.go:50.3,50.21 1 1
github.com/didichuxing/gatekeeper/service/register_func.go:38.9,40.4 1 0
github.com/didichuxing/gatekeeper/service/register_func.go:41.34,42.28 1 1
github.com/didichuxing/gatekeeper/service/register_func.go:42.28,48.5 2 1
github.com/didichuxing/gatekeeper/service/register_func.go:54.91,55.41 1 1
github.com/didichuxing/gatekeeper/service/register_func.go:62.2,62.15 1 1
github.com/didichuxing/gatekeeper/service/register_func.go:55.41,56.43 1 1
github.com/didichuxing/gatekeeper/service/register_func.go:56.43,58.4 1 0
github.com/didichuxing/gatekeeper/service/register_func.go:58.8,60.4 1 1
github.com/didichuxing/gatekeeper/service/register_func.go:70.101,72.66 2 1
github.com/didichuxing/gatekeeper/service/register_func.go:75.2,77.38 3 1
github.com/didichuxing/gatekeeper/service/register_func.go:86.2,87.16 2 1
github.com/didichuxing/gatekeeper/service/register_func.go:90.2,90.24 1 1
github.com/didichuxing/gatekeeper/service/register_func.go:72.66,74.3 1 0
github.com/didichuxing/gatekeeper/service/register_func.go:77.38,78.42 1 1
github.com/didichuxing/gatekeeper/service/register_func.go:78.42,79.76 1 1
github.com/didichuxing/gatekeeper/service/register_func.go:79.76,83.5 3 1
github.com/didichuxing/gatekeeper/service/register_func.go:87.16,89.3 1 0
github.com/didichuxing/gatekeeper/service/register_func.go:98.104,100.66 2 0
github.com/didichuxing/gatekeeper/service/register_func.go:103.2,105.38 3 0
github.com/didichuxing/gatekeeper/service/register_func.go:114.2,115.16 2 0
github.com/didichuxing/gatekeeper/service/register_func.go:118.2,118.24 1 0
github.com/didichuxing/gatekeeper/service/register_func.go:100.66,102.3 1 0
github.com/didichuxing/gatekeeper/service/register_func.go:105.38,106.42 1 0
github.com/didichuxing/gatekeeper/service/register_func.go:106.42,107.77 1 0
github.com/didichuxing/gatekeeper/service/register_func.go:107.77,111.5 3 0
github.com/didichuxing/gatekeeper/service/register_func.go:115.16,117.3 1 0
