mode: set
github.com/didi/gatekeeper/middleware/match_rule.go:16.34,17.30 1 1
github.com/didi/gatekeeper/middleware/match_rule.go:17.30,19.41 2 1
github.com/didi/gatekeeper/middleware/match_rule.go:23.3,23.36 1 1
github.com/didi/gatekeeper/middleware/match_rule.go:19.41,22.4 2 0
github.com/didi/gatekeeper/middleware/recovery.go:12.33,13.30 1 1
github.com/didi/gatekeeper/middleware/recovery.go:13.30,14.16 1 1
github.com/didi/gatekeeper/middleware/recovery.go:29.3,29.11 1 1
github.com/didi/gatekeeper/middleware/recovery.go:14.16,15.36 1 1
github.com/didi/gatekeeper/middleware/recovery.go:15.36,20.42 2 0
github.com/didi/gatekeeper/middleware/recovery.go:20.42,23.6 2 0
github.com/didi/gatekeeper/middleware/recovery.go:23.11,26.6 2 0
github.com/didi/gatekeeper/middleware/tcp_limit.go:16.63,19.52 3 1
github.com/didi/gatekeeper/middleware/tcp_limit.go:19.52,20.51 1 1
github.com/didi/gatekeeper/middleware/tcp_limit.go:20.51,26.15 4 1
github.com/didi/gatekeeper/middleware/tcp_limit.go:42.4,47.38 6 1
github.com/didi/gatekeeper/middleware/tcp_limit.go:75.4,75.23 1 1
github.com/didi/gatekeeper/middleware/tcp_limit.go:79.4,79.22 1 1
github.com/didi/gatekeeper/middleware/tcp_limit.go:26.15,29.33 2 1
github.com/didi/gatekeeper/middleware/tcp_limit.go:29.33,38.6 4 1
github.com/didi/gatekeeper/middleware/tcp_limit.go:47.38,53.5 2 1
github.com/didi/gatekeeper/middleware/tcp_limit.go:53.10,53.53 1 1
github.com/didi/gatekeeper/middleware/tcp_limit.go:53.53,60.5 2 0
github.com/didi/gatekeeper/middleware/tcp_limit.go:60.10,60.53 1 1
github.com/didi/gatekeeper/middleware/tcp_limit.go:60.53,67.5 2 1
github.com/didi/gatekeeper/middleware/tcp_limit.go:67.10,67.59 1 0
github.com/didi/gatekeeper/middleware/tcp_limit.go:67.59,74.5 2 0
github.com/didi/gatekeeper/middleware/tcp_limit.go:75.23,78.5 2 0
github.com/didi/gatekeeper/middleware/trace_log.go:13.35,15.71 2 1
github.com/didi/gatekeeper/middleware/trace_log.go:18.2,18.72 1 1
github.com/didi/gatekeeper/middleware/trace_log.go:21.2,22.17 2 1
github.com/didi/gatekeeper/middleware/trace_log.go:31.2,44.63 8 1
github.com/didi/gatekeeper/middleware/trace_log.go:15.71,17.3 1 0
github.com/didi/gatekeeper/middleware/trace_log.go:18.72,20.3 1 0
github.com/didi/gatekeeper/middleware/trace_log.go:22.17,30.3 1 0
github.com/didi/gatekeeper/middleware/trace_log.go:47.36,51.11 4 1
github.com/didi/gatekeeper/middleware/trace_log.go:61.2,62.9 2 1
github.com/didi/gatekeeper/middleware/trace_log.go:73.2,80.4 1 1
github.com/didi/gatekeeper/middleware/trace_log.go:51.11,60.3 1 0
github.com/didi/gatekeeper/middleware/trace_log.go:62.9,72.3 1 0
github.com/didi/gatekeeper/middleware/trace_log.go:83.40,84.30 1 1
github.com/didi/gatekeeper/middleware/trace_log.go:84.30,88.3 3 1
github.com/didi/gatekeeper/middleware/access_control.go:12.38,13.30 1 1
github.com/didi/gatekeeper/middleware/access_control.go:13.30,15.9 2 1
github.com/didi/gatekeeper/middleware/access_control.go:19.3,19.45 1 1
github.com/didi/gatekeeper/middleware/access_control.go:23.3,24.11 2 1
github.com/didi/gatekeeper/middleware/access_control.go:15.9,18.4 2 0
github.com/didi/gatekeeper/middleware/access_control.go:19.45,22.4 2 1
github.com/didi/gatekeeper/middleware/cluster_auth.go:12.36,13.30 1 1
github.com/didi/gatekeeper/middleware/cluster_auth.go:13.30,18.31 5 0
github.com/didi/gatekeeper/middleware/cluster_auth.go:23.3,23.17 1 0
github.com/didi/gatekeeper/middleware/cluster_auth.go:27.3,27.11 1 0
github.com/didi/gatekeeper/middleware/cluster_auth.go:18.31,19.28 1 0
github.com/didi/gatekeeper/middleware/cluster_auth.go:19.28,21.5 1 0
github.com/didi/gatekeeper/middleware/cluster_auth.go:23.17,26.4 2 0
github.com/didi/gatekeeper/middleware/http_limit.go:13.34,14.30 1 1
github.com/didi/gatekeeper/middleware/http_limit.go:14.30,17.10 2 1
github.com/didi/gatekeeper/middleware/http_limit.go:23.3,29.54 5 1
github.com/didi/gatekeeper/middleware/http_limit.go:41.3,41.11 1 1
github.com/didi/gatekeeper/middleware/http_limit.go:17.10,20.4 2 0
github.com/didi/gatekeeper/middleware/http_limit.go:29.54,31.32 2 1
github.com/didi/gatekeeper/middleware/http_limit.go:31.32,39.5 3 1
github.com/didi/gatekeeper/middleware/load_balance.go:14.36,15.30 1 1
github.com/didi/gatekeeper/middleware/load_balance.go:15.30,17.9 2 1
github.com/didi/gatekeeper/middleware/load_balance.go:21.3,22.17 2 1
github.com/didi/gatekeeper/middleware/load_balance.go:26.3,27.9 2 1
github.com/didi/gatekeeper/middleware/load_balance.go:31.3,33.12 3 1
github.com/didi/gatekeeper/middleware/load_balance.go:17.9,20.4 2 0
github.com/didi/gatekeeper/middleware/load_balance.go:22.17,25.4 2 0
github.com/didi/gatekeeper/middleware/load_balance.go:27.9,30.4 2 0
